<?xml version="1.0" encoding="UTF-8"?>
<!-- Generated by org.testng.reporters.JUnitReportReporter -->
<testsuite hostname="DESKTOP-FKEBO5T" failures="0" tests="1" name="Firefoxlaunch" time="12.687" errors="0" timestamp="2020-12-18T16:39:29 IST" skipped="0">
  <testcase classname="Firefoxlaunch" name="launch_browser" time="12.687"/>
  <system-out/>
</testsuite> <!-- Firefoxlaunch -->
