<?xml version="1.0" encoding="UTF-8"?>
<!-- Generated by org.testng.reporters.JUnitReportReporter -->
<testsuite hostname="DESKTOP-FKEBO5T" failures="0" tests="1" name="pgm" time="0.025" errors="0" timestamp="2020-12-17T11:08:18 IST" skipped="0">
  <testcase classname="pgm" name="hello" time="0.025"/>
  <system-out/>
</testsuite> <!-- pgm -->
